[debug] [2021-11-08T09:21:13.913Z] ----------------------------------------------------------------------
[debug] [2021-11-08T09:21:13.916Z] Command:       C:\Program Files\nodejs\node.exe C:\Users\Iqra computer\AppData\Roaming\npm\node_modules\firebase-tools\lib\bin\firebase.js init
[debug] [2021-11-08T09:21:13.917Z] CLI Version:   9.16.5
[debug] [2021-11-08T09:21:13.917Z] Platform:      win32
[debug] [2021-11-08T09:21:13.917Z] Node Version:  v16.10.0
[debug] [2021-11-08T09:21:13.924Z] Time:          Mon Nov 08 2021 14:21:13 GMT+0500 (Pakistan Standard Time)
[debug] [2021-11-08T09:21:13.925Z] ----------------------------------------------------------------------
[debug] 
[debug] [2021-11-08T09:21:13.931Z] >>> [apiv2][query] GET https://firebase-public.firebaseio.com/cli.json [none]
[debug] [2021-11-08T09:21:13.970Z] > command requires scopes: ["email","openid","https://www.googleapis.com/auth/cloudplatformprojects.readonly","https://www.googleapis.com/auth/firebase","https://www.googleapis.com/auth/cloud-platform"]
[debug] [2021-11-08T09:21:13.970Z] > authorizing via signed-in user (wasifraza909@gmail.com)
[info] 
     ######## #### ########  ######## ########     ###     ######  ########
     ##        ##  ##     ## ##       ##     ##  ##   ##  ##       ##
     ######    ##  ########  ######   ########  #########  ######  ######
     ##        ##  ##    ##  ##       ##     ## ##     ##       ## ##
     ##       #### ##     ## ######## ########  ##     ##  ######  ########

You're about to initialize a Firebase project in this directory:

  C:\Users\Iqra computer\Desktop\Active\Active coding\react-firebase-digital-space-project

[debug] [2021-11-08T09:21:14.860Z] <<< [apiv2][status] GET https://firebase-public.firebaseio.com/cli.json 200
[debug] [2021-11-08T09:21:14.860Z] <<< [apiv2][body] GET https://firebase-public.firebaseio.com/cli.json {"cloudBuildErrorAfter":1594252800000,"cloudBuildWarnAfter":1590019200000,"defaultNode10After":1594252800000,"minVersion":"3.0.5","node8DeploysDisabledAfter":1613390400000,"node8RuntimeDisabledAfter":1615809600000,"node8WarnAfter":1600128000000}
